[1.048s] Invoking command in '/home/laura/ros2_ws/build/save_pointcloud': PYTHONPATH=/home/laura/ros2_ws/build/save_pointcloud/prefix_override:/home/laura/ros2_ws/install/save_pointcloud/lib/python3.10/site-packages:${PYTHONPATH} /usr/bin/python3 setup.py develop --uninstall --editable --build-directory /home/laura/ros2_ws/build/save_pointcloud/build
[1.426s] running develop
[1.427s] /usr/lib/python3/dist-packages/setuptools/command/easy_install.py:158: EasyInstallDeprecationWarning: easy_install command is deprecated. Use build and pip and other standards-based tools.
[1.427s]   warnings.warn(
[1.432s] /usr/lib/python3/dist-packages/setuptools/command/install.py:34: SetuptoolsDeprecationWarning: setup.py install is deprecated. Use build and pip and other standards-based tools.
[1.432s]   warnings.warn(
[1.549s] /usr/lib/python3/dist-packages/pkg_resources/__init__.py:116: PkgResourcesDeprecationWarning: 1.16.0-unknown is an invalid version and will not be supported in a future release
[1.549s]   warnings.warn(
[1.550s] /usr/lib/python3/dist-packages/pkg_resources/__init__.py:116: PkgResourcesDeprecationWarning: 0.1.43ubuntu1 is an invalid version and will not be supported in a future release
[1.550s]   warnings.warn(
[1.550s] /usr/lib/python3/dist-packages/pkg_resources/__init__.py:116: PkgResourcesDeprecationWarning: 1.1build1 is an invalid version and will not be supported in a future release
[1.550s]   warnings.warn(
[1.842s] Invoked command in '/home/laura/ros2_ws/build/save_pointcloud' returned '0': PYTHONPATH=/home/laura/ros2_ws/build/save_pointcloud/prefix_override:/home/laura/ros2_ws/install/save_pointcloud/lib/python3.10/site-packages:${PYTHONPATH} /usr/bin/python3 setup.py develop --uninstall --editable --build-directory /home/laura/ros2_ws/build/save_pointcloud/build
[1.846s] Invoking command in '/home/laura/ros2_ws/src/save_pointcloud': PYTHONPATH=/home/laura/ros2_ws/build/save_pointcloud/prefix_override:/home/laura/ros2_ws/install/save_pointcloud/lib/python3.10/site-packages:${PYTHONPATH} /usr/bin/python3 setup.py egg_info --egg-base ../../build/save_pointcloud build --build-base /home/laura/ros2_ws/build/save_pointcloud/build install --record /home/laura/ros2_ws/build/save_pointcloud/install.log --single-version-externally-managed
[2.203s] running egg_info
[2.204s] writing ../../build/save_pointcloud/save_pointcloud.egg-info/PKG-INFO
[2.204s] writing dependency_links to ../../build/save_pointcloud/save_pointcloud.egg-info/dependency_links.txt
[2.205s] writing entry points to ../../build/save_pointcloud/save_pointcloud.egg-info/entry_points.txt
[2.205s] writing requirements to ../../build/save_pointcloud/save_pointcloud.egg-info/requires.txt
[2.205s] writing top-level names to ../../build/save_pointcloud/save_pointcloud.egg-info/top_level.txt
[2.207s] package init file 'save_pointcloud/__init__.py' not found (or not a regular file)
[2.208s] reading manifest file '../../build/save_pointcloud/save_pointcloud.egg-info/SOURCES.txt'
[2.209s] writing manifest file '../../build/save_pointcloud/save_pointcloud.egg-info/SOURCES.txt'
[2.210s] running build
[2.210s] running build_py
[2.210s] copying save_pointcloud/General.py -> /home/laura/ros2_ws/build/save_pointcloud/build/lib/save_pointcloud
[2.211s] running install
[2.211s] /usr/lib/python3/dist-packages/setuptools/command/install.py:34: SetuptoolsDeprecationWarning: setup.py install is deprecated. Use build and pip and other standards-based tools.
[2.211s]   warnings.warn(
[2.211s] running install_lib
[2.213s] copying /home/laura/ros2_ws/build/save_pointcloud/build/lib/save_pointcloud/General.py -> /home/laura/ros2_ws/install/save_pointcloud/lib/python3.10/site-packages/save_pointcloud
[2.213s] byte-compiling /home/laura/ros2_ws/install/save_pointcloud/lib/python3.10/site-packages/save_pointcloud/General.py to General.cpython-310.pyc
[2.214s] Sorry: TabError: inconsistent use of tabs and spaces in indentation (General.py, line 109)
[2.215s] running install_data
[2.216s] running install_egg_info
[2.218s] removing '/home/laura/ros2_ws/install/save_pointcloud/lib/python3.10/site-packages/save_pointcloud-0.0.0-py3.10.egg-info' (and everything under it)
[2.218s] Copying ../../build/save_pointcloud/save_pointcloud.egg-info to /home/laura/ros2_ws/install/save_pointcloud/lib/python3.10/site-packages/save_pointcloud-0.0.0-py3.10.egg-info
[2.219s] running install_scripts
[2.247s] Installing columns script to /home/laura/ros2_ws/install/save_pointcloud/lib/save_pointcloud
[2.248s] Installing combi script to /home/laura/ros2_ws/install/save_pointcloud/lib/save_pointcloud
[2.248s] Installing general script to /home/laura/ros2_ws/install/save_pointcloud/lib/save_pointcloud
[2.248s] Installing initialpose script to /home/laura/ros2_ws/install/save_pointcloud/lib/save_pointcloud
[2.248s] Installing savepc script to /home/laura/ros2_ws/install/save_pointcloud/lib/save_pointcloud
[2.248s] Installing scan_table script to /home/laura/ros2_ws/install/save_pointcloud/lib/save_pointcloud
[2.248s] Installing subsmap script to /home/laura/ros2_ws/install/save_pointcloud/lib/save_pointcloud
[2.248s] Installing subspc script to /home/laura/ros2_ws/install/save_pointcloud/lib/save_pointcloud
[2.249s] Installing tf script to /home/laura/ros2_ws/install/save_pointcloud/lib/save_pointcloud
[2.249s] Installing tfcol script to /home/laura/ros2_ws/install/save_pointcloud/lib/save_pointcloud
[2.249s] Installing transform script to /home/laura/ros2_ws/install/save_pointcloud/lib/save_pointcloud
[2.249s] writing list of installed files to '/home/laura/ros2_ws/build/save_pointcloud/install.log'
[2.289s] Invoked command in '/home/laura/ros2_ws/src/save_pointcloud' returned '0': PYTHONPATH=/home/laura/ros2_ws/build/save_pointcloud/prefix_override:/home/laura/ros2_ws/install/save_pointcloud/lib/python3.10/site-packages:${PYTHONPATH} /usr/bin/python3 setup.py egg_info --egg-base ../../build/save_pointcloud build --build-base /home/laura/ros2_ws/build/save_pointcloud/build install --record /home/laura/ros2_ws/build/save_pointcloud/install.log --single-version-externally-managed
