/home/laura/ros2_ws/install/save_pointcloud/lib/python3.10/site-packages/save_pointcloud/General.py
/home/laura/ros2_ws/install/save_pointcloud/lib/python3.10/site-packages/save_pointcloud/Sara.py
/home/laura/ros2_ws/install/save_pointcloud/lib/python3.10/site-packages/save_pointcloud/General_original.py
/home/laura/ros2_ws/install/save_pointcloud/lib/python3.10/site-packages/save_pointcloud/InitialPose.py
/home/laura/ros2_ws/install/save_pointcloud/lib/python3.10/site-packages/save_pointcloud/splitrosbag.py
/home/laura/ros2_ws/install/save_pointcloud/lib/python3.10/site-packages/save_pointcloud/tf_columns.py
/home/laura/ros2_ws/install/save_pointcloud/lib/python3.10/site-packages/save_pointcloud/combi_columns.py
/home/laura/ros2_ws/install/save_pointcloud/lib/python3.10/site-packages/save_pointcloud/save_pointcloud_table.py
/home/laura/ros2_ws/install/save_pointcloud/lib/python3.10/site-packages/save_pointcloud/save_pointcloud.py
/home/laura/ros2_ws/install/save_pointcloud/lib/python3.10/site-packages/save_pointcloud/Pointcloud.py
/home/laura/ros2_ws/install/save_pointcloud/lib/python3.10/site-packages/save_pointcloud/__pycache__/General.cpython-310.pyc
/home/laura/ros2_ws/install/save_pointcloud/lib/python3.10/site-packages/save_pointcloud/__pycache__/Sara.cpython-310.pyc
/home/laura/ros2_ws/install/save_pointcloud/lib/python3.10/site-packages/save_pointcloud/__pycache__/General_original.cpython-310.pyc
/home/laura/ros2_ws/install/save_pointcloud/lib/python3.10/site-packages/save_pointcloud/__pycache__/InitialPose.cpython-310.pyc
/home/laura/ros2_ws/install/save_pointcloud/lib/python3.10/site-packages/save_pointcloud/__pycache__/splitrosbag.cpython-310.pyc
/home/laura/ros2_ws/install/save_pointcloud/lib/python3.10/site-packages/save_pointcloud/__pycache__/tf_columns.cpython-310.pyc
/home/laura/ros2_ws/install/save_pointcloud/lib/python3.10/site-packages/save_pointcloud/__pycache__/combi_columns.cpython-310.pyc
/home/laura/ros2_ws/install/save_pointcloud/lib/python3.10/site-packages/save_pointcloud/__pycache__/save_pointcloud_table.cpython-310.pyc
/home/laura/ros2_ws/install/save_pointcloud/lib/python3.10/site-packages/save_pointcloud/__pycache__/save_pointcloud.cpython-310.pyc
/home/laura/ros2_ws/install/save_pointcloud/lib/python3.10/site-packages/save_pointcloud/__pycache__/Pointcloud.cpython-310.pyc
/home/laura/ros2_ws/install/save_pointcloud/share/ament_index/resource_index/packages/save_pointcloud
/home/laura/ros2_ws/install/save_pointcloud/share/save_pointcloud/package.xml
/home/laura/ros2_ws/install/save_pointcloud/lib/python3.10/site-packages/save_pointcloud-0.0.0-py3.10.egg-info/requires.txt
/home/laura/ros2_ws/install/save_pointcloud/lib/python3.10/site-packages/save_pointcloud-0.0.0-py3.10.egg-info/PKG-INFO
/home/laura/ros2_ws/install/save_pointcloud/lib/python3.10/site-packages/save_pointcloud-0.0.0-py3.10.egg-info/zip-safe
/home/laura/ros2_ws/install/save_pointcloud/lib/python3.10/site-packages/save_pointcloud-0.0.0-py3.10.egg-info/SOURCES.txt
/home/laura/ros2_ws/install/save_pointcloud/lib/python3.10/site-packages/save_pointcloud-0.0.0-py3.10.egg-info/top_level.txt
/home/laura/ros2_ws/install/save_pointcloud/lib/python3.10/site-packages/save_pointcloud-0.0.0-py3.10.egg-info/entry_points.txt
/home/laura/ros2_ws/install/save_pointcloud/lib/python3.10/site-packages/save_pointcloud-0.0.0-py3.10.egg-info/dependency_links.txt
/home/laura/ros2_ws/install/save_pointcloud/lib/save_pointcloud/columns
/home/laura/ros2_ws/install/save_pointcloud/lib/save_pointcloud/combi
/home/laura/ros2_ws/install/save_pointcloud/lib/save_pointcloud/general
/home/laura/ros2_ws/install/save_pointcloud/lib/save_pointcloud/initialpose
/home/laura/ros2_ws/install/save_pointcloud/lib/save_pointcloud/savepc
/home/laura/ros2_ws/install/save_pointcloud/lib/save_pointcloud/scan_table
/home/laura/ros2_ws/install/save_pointcloud/lib/save_pointcloud/subsmap
/home/laura/ros2_ws/install/save_pointcloud/lib/save_pointcloud/subspc
/home/laura/ros2_ws/install/save_pointcloud/lib/save_pointcloud/tf
/home/laura/ros2_ws/install/save_pointcloud/lib/save_pointcloud/tfcol
/home/laura/ros2_ws/install/save_pointcloud/lib/save_pointcloud/transform
