[0.915s] Invoking command in '/home/laura/ros2_ws/build/save_pointcloud': PYTHONPATH=/home/laura/ros2_ws/build/save_pointcloud/prefix_override:/home/laura/ros2_ws/install/save_pointcloud/lib/python3.10/site-packages:${PYTHONPATH} /usr/bin/python3 setup.py develop --uninstall --editable --build-directory /home/laura/ros2_ws/build/save_pointcloud/build
[1.262s] running develop
[1.263s] /usr/lib/python3/dist-packages/setuptools/command/easy_install.py:158: EasyInstallDeprecationWarning: easy_install command is deprecated. Use build and pip and other standards-based tools.
[1.263s]   warnings.warn(
[1.266s] /usr/lib/python3/dist-packages/setuptools/command/install.py:34: SetuptoolsDeprecationWarning: setup.py install is deprecated. Use build and pip and other standards-based tools.
[1.266s]   warnings.warn(
[1.354s] /usr/lib/python3/dist-packages/pkg_resources/__init__.py:116: PkgResourcesDeprecationWarning: 1.16.0-unknown is an invalid version and will not be supported in a future release
[1.354s]   warnings.warn(
[1.355s] /usr/lib/python3/dist-packages/pkg_resources/__init__.py:116: PkgResourcesDeprecationWarning: 0.1.43ubuntu1 is an invalid version and will not be supported in a future release
[1.355s]   warnings.warn(
[1.355s] /usr/lib/python3/dist-packages/pkg_resources/__init__.py:116: PkgResourcesDeprecationWarning: 1.1build1 is an invalid version and will not be supported in a future release
[1.355s]   warnings.warn(
[1.576s] Invoked command in '/home/laura/ros2_ws/build/save_pointcloud' returned '0': PYTHONPATH=/home/laura/ros2_ws/build/save_pointcloud/prefix_override:/home/laura/ros2_ws/install/save_pointcloud/lib/python3.10/site-packages:${PYTHONPATH} /usr/bin/python3 setup.py develop --uninstall --editable --build-directory /home/laura/ros2_ws/build/save_pointcloud/build
[1.578s] Invoking command in '/home/laura/ros2_ws/src/save_pointcloud': PYTHONPATH=/home/laura/ros2_ws/build/save_pointcloud/prefix_override:/home/laura/ros2_ws/install/save_pointcloud/lib/python3.10/site-packages:${PYTHONPATH} /usr/bin/python3 setup.py egg_info --egg-base ../../build/save_pointcloud build --build-base /home/laura/ros2_ws/build/save_pointcloud/build install --record /home/laura/ros2_ws/build/save_pointcloud/install.log --single-version-externally-managed
[1.912s] running egg_info
[1.913s] writing ../../build/save_pointcloud/save_pointcloud.egg-info/PKG-INFO
[1.913s] writing dependency_links to ../../build/save_pointcloud/save_pointcloud.egg-info/dependency_links.txt
[1.914s] writing entry points to ../../build/save_pointcloud/save_pointcloud.egg-info/entry_points.txt
[1.914s] writing requirements to ../../build/save_pointcloud/save_pointcloud.egg-info/requires.txt
[1.914s] writing top-level names to ../../build/save_pointcloud/save_pointcloud.egg-info/top_level.txt
[1.916s] package init file 'save_pointcloud/__init__.py' not found (or not a regular file)
[1.917s] reading manifest file '../../build/save_pointcloud/save_pointcloud.egg-info/SOURCES.txt'
[1.918s] writing manifest file '../../build/save_pointcloud/save_pointcloud.egg-info/SOURCES.txt'
[1.918s] running build
[1.918s] running build_py
[1.918s] copying save_pointcloud/General.py -> /home/laura/ros2_ws/build/save_pointcloud/build/lib/save_pointcloud
[1.919s] running install
[1.919s] /usr/lib/python3/dist-packages/setuptools/command/install.py:34: SetuptoolsDeprecationWarning: setup.py install is deprecated. Use build and pip and other standards-based tools.
[1.920s]   warnings.warn(
[1.920s] running install_lib
[1.921s] copying /home/laura/ros2_ws/build/save_pointcloud/build/lib/save_pointcloud/General.py -> /home/laura/ros2_ws/install/save_pointcloud/lib/python3.10/site-packages/save_pointcloud
[1.922s] byte-compiling /home/laura/ros2_ws/install/save_pointcloud/lib/python3.10/site-packages/save_pointcloud/General.py to General.cpython-310.pyc
[1.924s] running install_data
[1.925s] running install_egg_info
[1.927s] removing '/home/laura/ros2_ws/install/save_pointcloud/lib/python3.10/site-packages/save_pointcloud-0.0.0-py3.10.egg-info' (and everything under it)
[1.927s] Copying ../../build/save_pointcloud/save_pointcloud.egg-info to /home/laura/ros2_ws/install/save_pointcloud/lib/python3.10/site-packages/save_pointcloud-0.0.0-py3.10.egg-info
[1.929s] running install_scripts
[1.954s] Installing columns script to /home/laura/ros2_ws/install/save_pointcloud/lib/save_pointcloud
[1.954s] Installing combi script to /home/laura/ros2_ws/install/save_pointcloud/lib/save_pointcloud
[1.954s] Installing general script to /home/laura/ros2_ws/install/save_pointcloud/lib/save_pointcloud
[1.955s] Installing initialpose script to /home/laura/ros2_ws/install/save_pointcloud/lib/save_pointcloud
[1.955s] Installing savepc script to /home/laura/ros2_ws/install/save_pointcloud/lib/save_pointcloud
[1.955s] Installing scan_table script to /home/laura/ros2_ws/install/save_pointcloud/lib/save_pointcloud
[1.955s] Installing subsmap script to /home/laura/ros2_ws/install/save_pointcloud/lib/save_pointcloud
[1.955s] Installing subspc script to /home/laura/ros2_ws/install/save_pointcloud/lib/save_pointcloud
[1.955s] Installing tf script to /home/laura/ros2_ws/install/save_pointcloud/lib/save_pointcloud
[1.955s] Installing tfcol script to /home/laura/ros2_ws/install/save_pointcloud/lib/save_pointcloud
[1.956s] Installing transform script to /home/laura/ros2_ws/install/save_pointcloud/lib/save_pointcloud
[1.956s] writing list of installed files to '/home/laura/ros2_ws/build/save_pointcloud/install.log'
[1.992s] Invoked command in '/home/laura/ros2_ws/src/save_pointcloud' returned '0': PYTHONPATH=/home/laura/ros2_ws/build/save_pointcloud/prefix_override:/home/laura/ros2_ws/install/save_pointcloud/lib/python3.10/site-packages:${PYTHONPATH} /usr/bin/python3 setup.py egg_info --egg-base ../../build/save_pointcloud build --build-base /home/laura/ros2_ws/build/save_pointcloud/build install --record /home/laura/ros2_ws/build/save_pointcloud/install.log --single-version-externally-managed
